[0.122s] Invoking command in '/home/caleb/ros2_ws/build/optimization': CMAKE_PREFIX_PATH=${CMAKE_PREFIX_PATH}:/home/caleb/ros2_ws/install/moveit_configs_utils:/home/caleb/ros2_ws/install/spot_driver:/home/caleb/ros2_ws/install/spot_manipulation_driver:/opt/ros/galactic /usr/local/bin/cmake --build /home/caleb/ros2_ws/build/optimization -- -j20 -l20
[0.135s] [35m[1mConsolidate compiler generated dependencies of target optimization[0m
[0.155s] [ 50%] [32mBuilding CXX object CMakeFiles/optimization.dir/src/optimization.cpp.o[0m
[1.029s] [01m[K/home/caleb/ros2_ws/src/optimization/src/optimization.cpp:79:6:[m[K [01;31m[Kerror: [m[Kexpected â€˜[01m[K;[m[Kâ€™ after class definition
[1.029s]    79 |     }
[1.029s]       |      [01;31m[K^[m[K
[1.029s]       |      [32m[K;[m[K
[1.031s] [01m[K/home/caleb/ros2_ws/src/optimization/src/optimization.cpp:[m[K In constructor â€˜[01m[KOptimization::Optimization()[m[Kâ€™:
[1.031s] [01m[K/home/caleb/ros2_ws/src/optimization/src/optimization.cpp:20:9:[m[K [01;31m[Kerror: [m[Kâ€˜[01m[Kvis_pub_[m[Kâ€™ was not declared in this scope
[1.031s]    20 |         [01;31m[Kvis_pub_[m[K = this->create_publisher<visualization_msgs::msg::MarkerArray>("visualization_marker_array", 10);
[1.031s]       |         [01;31m[K^~~~~~~~[m[K
[1.036s] [01m[K/home/caleb/ros2_ws/src/optimization/src/optimization.cpp:[m[K In member function â€˜[01m[Kvoid Optimization::publishPoseAsMarker(const Pose&)[m[Kâ€™:
[1.036s] [01m[K/home/caleb/ros2_ws/src/optimization/src/optimization.cpp:47:9:[m[K [01;31m[Kerror: [m[Kâ€˜[01m[Kvis_pub_[m[Kâ€™ was not declared in this scope
[1.036s]    47 |         [01;31m[Kvis_pub_[m[K->publish(marker_array);
[1.036s]       |         [01;31m[K^~~~~~~~[m[K
[1.036s] [01m[K/home/caleb/ros2_ws/src/optimization/src/optimization.cpp:[m[K At global scope:
[1.036s] [01m[K/home/caleb/ros2_ws/src/optimization/src/optimization.cpp:81:1:[m[K [01;31m[Kerror: [m[Kexpected unqualified-id before â€˜[01m[Kprivate[m[Kâ€™
[1.036s]    81 | [01;31m[Kprivate[m[K:
[1.036s]       | [01;31m[K^~~~~~~[m[K
[1.139s] [01m[K/home/caleb/ros2_ws/src/optimization/src/optimization.cpp:[m[K In function â€˜[01m[Kgeometry_msgs::msg::Quaternion vectorToQuaternion(double, double, double)[m[Kâ€™:
[1.139s] [01m[K/home/caleb/ros2_ws/src/optimization/src/optimization.cpp:100:9:[m[K [01;31m[Kerror: [m[Kâ€˜[01m[KEigen[m[Kâ€™ has not been declared
[1.139s]   100 |         [01;31m[KEigen[m[K::Vector3d axis_vector(xn, yn, zn);
[1.139s]       |         [01;31m[K^~~~~[m[K
[1.141s] [01m[K/home/caleb/ros2_ws/src/optimization/src/optimization.cpp:101:9:[m[K [01;31m[Kerror: [m[Kâ€˜[01m[Kaxis_vector[m[Kâ€™ was not declared in this scope
[1.141s]   101 |         [01;31m[Kaxis_vector[m[K.normalize();  // Normalize the vector
[1.141s]       |         [01;31m[K^~~~~~~~~~~[m[K
[1.141s] [01m[K/home/caleb/ros2_ws/src/optimization/src/optimization.cpp:104:9:[m[K [01;31m[Kerror: [m[Kâ€˜[01m[KEigen[m[Kâ€™ has not been declared
[1.141s]   104 |         [01;31m[KEigen[m[K::Vector3d z_axis(0, 0, 1);
[1.141s]       |         [01;31m[K^~~~~[m[K
[1.141s] [01m[K/home/caleb/ros2_ws/src/optimization/src/optimization.cpp:105:9:[m[K [01;31m[Kerror: [m[Kâ€˜[01m[KEigen[m[Kâ€™ has not been declared
[1.141s]   105 |         [01;31m[KEigen[m[K::Quaterniond quat = Eigen::Quaterniond::FromTwoVectors(z_axis, axis_vector);
[1.141s]       |         [01;31m[K^~~~~[m[K
[1.141s] [01m[K/home/caleb/ros2_ws/src/optimization/src/optimization.cpp:108:27:[m[K [01;31m[Kerror: [m[Kâ€˜[01m[Kquat[m[Kâ€™ was not declared in this scope; did you mean â€˜[01m[Kquad_t[m[Kâ€™?
[1.141s]   108 |         geometry_quat.x = [01;31m[Kquat[m[K.x();
[1.141s]       |                           [01;31m[K^~~~[m[K
[1.141s]       |                           [32m[Kquad_t[m[K
[1.141s] [01m[K/home/caleb/ros2_ws/src/optimization/src/optimization.cpp:99:62:[m[K [01;35m[Kwarning: [m[Kunused parameter â€˜[01m[Kxn[m[Kâ€™ [[01;35m[K-Wunused-parameter[m[K]
[1.142s]    99 |     geometry_msgs::msg::Quaternion vectorToQuaternion([01;35m[Kdouble xn[m[K, double yn, double zn) {
[1.142s]       |                                                       [01;35m[K~~~~~~~^~[m[K
[1.142s] [01m[K/home/caleb/ros2_ws/src/optimization/src/optimization.cpp:99:73:[m[K [01;35m[Kwarning: [m[Kunused parameter â€˜[01m[Kyn[m[Kâ€™ [[01;35m[K-Wunused-parameter[m[K]
[1.142s]    99 |     geometry_msgs::msg::Quaternion vectorToQuaternion(double xn, [01;35m[Kdouble yn[m[K, double zn) {
[1.142s]       |                                                                  [01;35m[K~~~~~~~^~[m[K
[1.142s] [01m[K/home/caleb/ros2_ws/src/optimization/src/optimization.cpp:99:84:[m[K [01;35m[Kwarning: [m[Kunused parameter â€˜[01m[Kzn[m[Kâ€™ [[01;35m[K-Wunused-parameter[m[K]
[1.142s]    99 |     geometry_msgs::msg::Quaternion vectorToQuaternion(double xn, double yn, [01;35m[Kdouble zn[m[K) {
[1.142s]       |                                                                             [01;35m[K~~~~~~~^~[m[K
[1.142s] [01m[K/home/caleb/ros2_ws/src/optimization/src/optimization.cpp:[m[K At global scope:
[1.142s] [01m[K/home/caleb/ros2_ws/src/optimization/src/optimization.cpp:114:1:[m[K [01;31m[Kerror: [m[Kexpected declaration before â€˜[01m[K}[m[Kâ€™ token
[1.142s]   114 | [01;31m[K}[m[K;
[1.142s]       | [01;31m[K^[m[K
[1.544s] make[2]: *** [CMakeFiles/optimization.dir/build.make:76: CMakeFiles/optimization.dir/src/optimization.cpp.o] Error 1
[1.544s] make[1]: *** [CMakeFiles/Makefile2:137: CMakeFiles/optimization.dir/all] Error 2
[1.544s] make: *** [Makefile:146: all] Error 2
[1.546s] Invoked command in '/home/caleb/ros2_ws/build/optimization' returned '2': CMAKE_PREFIX_PATH=${CMAKE_PREFIX_PATH}:/home/caleb/ros2_ws/install/moveit_configs_utils:/home/caleb/ros2_ws/install/spot_driver:/home/caleb/ros2_ws/install/spot_manipulation_driver:/opt/ros/galactic /usr/local/bin/cmake --build /home/caleb/ros2_ws/build/optimization -- -j20 -l20
