[0.122s] Invoking command in '/home/caleb/ros2_ws/build/optimization': CMAKE_PREFIX_PATH=${CMAKE_PREFIX_PATH}:/home/caleb/ros2_ws/install/moveit_configs_utils:/home/caleb/ros2_ws/install/spot_driver:/home/caleb/ros2_ws/install/spot_manipulation_driver:/opt/ros/galactic /usr/local/bin/cmake --build /home/caleb/ros2_ws/build/optimization -- -j20 -l20
[0.135s] [35m[1mConsolidate compiler generated dependencies of target optimization[0m
[0.146s] [ 50%] [32mBuilding CXX object CMakeFiles/optimization.dir/src/optimization.cpp.o[0m
[1.127s] [01m[K/home/caleb/ros2_ws/src/optimization/src/optimization.cpp:[m[K In member function â€˜[01m[Kgeometry_msgs::msg::Quaternion Optimization::vectorToQuaternion(double, double, double)[m[Kâ€™:
[1.127s] [01m[K/home/caleb/ros2_ws/src/optimization/src/optimization.cpp:100:9:[m[K [01;31m[Kerror: [m[Kâ€˜[01m[KEigen[m[Kâ€™ has not been declared
[1.127s]   100 |         [01;31m[KEigen[m[K::Vector3d axis_vector(xn, yn, zn);
[1.127s]       |         [01;31m[K^~~~~[m[K
[1.129s] [01m[K/home/caleb/ros2_ws/src/optimization/src/optimization.cpp:101:9:[m[K [01;31m[Kerror: [m[Kâ€˜[01m[Kaxis_vector[m[Kâ€™ was not declared in this scope
[1.129s]   101 |         [01;31m[Kaxis_vector[m[K.normalize();  // Normalize the vector
[1.129s]       |         [01;31m[K^~~~~~~~~~~[m[K
[1.129s] [01m[K/home/caleb/ros2_ws/src/optimization/src/optimization.cpp:104:9:[m[K [01;31m[Kerror: [m[Kâ€˜[01m[KEigen[m[Kâ€™ has not been declared
[1.129s]   104 |         [01;31m[KEigen[m[K::Vector3d z_axis(0, 0, 1);
[1.129s]       |         [01;31m[K^~~~~[m[K
[1.129s] [01m[K/home/caleb/ros2_ws/src/optimization/src/optimization.cpp:105:9:[m[K [01;31m[Kerror: [m[Kâ€˜[01m[KEigen[m[Kâ€™ has not been declared
[1.129s]   105 |         [01;31m[KEigen[m[K::Quaterniond quat = Eigen::Quaterniond::FromTwoVectors(z_axis, axis_vector);
[1.129s]       |         [01;31m[K^~~~~[m[K
[1.129s] [01m[K/home/caleb/ros2_ws/src/optimization/src/optimization.cpp:108:27:[m[K [01;31m[Kerror: [m[Kâ€˜[01m[Kquat[m[Kâ€™ was not declared in this scope; did you mean â€˜[01m[Kquad_t[m[Kâ€™?
[1.130s]   108 |         geometry_quat.x = [01;31m[Kquat[m[K.x();
[1.130s]       |                           [01;31m[K^~~~[m[K
[1.130s]       |                           [32m[Kquad_t[m[K
[1.130s] [01m[K/home/caleb/ros2_ws/src/optimization/src/optimization.cpp:99:62:[m[K [01;35m[Kwarning: [m[Kunused parameter â€˜[01m[Kxn[m[Kâ€™ [[01;35m[K-Wunused-parameter[m[K]
[1.130s]    99 |     geometry_msgs::msg::Quaternion vectorToQuaternion([01;35m[Kdouble xn[m[K, double yn, double zn) {
[1.130s]       |                                                       [01;35m[K~~~~~~~^~[m[K
[1.130s] [01m[K/home/caleb/ros2_ws/src/optimization/src/optimization.cpp:99:73:[m[K [01;35m[Kwarning: [m[Kunused parameter â€˜[01m[Kyn[m[Kâ€™ [[01;35m[K-Wunused-parameter[m[K]
[1.130s]    99 |     geometry_msgs::msg::Quaternion vectorToQuaternion(double xn, [01;35m[Kdouble yn[m[K, double zn) {
[1.130s]       |                                                                  [01;35m[K~~~~~~~^~[m[K
[1.130s] [01m[K/home/caleb/ros2_ws/src/optimization/src/optimization.cpp:99:84:[m[K [01;35m[Kwarning: [m[Kunused parameter â€˜[01m[Kzn[m[Kâ€™ [[01;35m[K-Wunused-parameter[m[K]
[1.130s]    99 |     geometry_msgs::msg::Quaternion vectorToQuaternion(double xn, double yn, [01;35m[Kdouble zn[m[K) {
[1.130s]       |                                                                             [01;35m[K~~~~~~~^~[m[K
[1.564s] make[2]: *** [CMakeFiles/optimization.dir/build.make:76: CMakeFiles/optimization.dir/src/optimization.cpp.o] Error 1
[1.564s] make[1]: *** [CMakeFiles/Makefile2:137: CMakeFiles/optimization.dir/all] Error 2
[1.565s] make: *** [Makefile:146: all] Error 2
[1.567s] Invoked command in '/home/caleb/ros2_ws/build/optimization' returned '2': CMAKE_PREFIX_PATH=${CMAKE_PREFIX_PATH}:/home/caleb/ros2_ws/install/moveit_configs_utils:/home/caleb/ros2_ws/install/spot_driver:/home/caleb/ros2_ws/install/spot_manipulation_driver:/opt/ros/galactic /usr/local/bin/cmake --build /home/caleb/ros2_ws/build/optimization -- -j20 -l20
